<?xml version="1.0" encoding="UTF-8"?>
<!-- Generated by org.testng.reporters.JUnitReportReporter -->
<testsuite hostname="SIXNS340" failures="0" tests="1" name="NewTest" time="0.005" errors="0" timestamp="2020-11-24T11:04:29 CET" skipped="0">
  <testcase classname="NewTest" name="f" time="0.005"/>
  <system-out/>
</testsuite> <!-- NewTest -->
