<?xml version="1.0" encoding="UTF-8"?>
<!-- Generated by org.testng.reporters.JUnitReportReporter -->
<testsuite skipped="0" hostname="SIXNS122" name="TC.ETE_Test_Car_Truck_Moto" tests="3" failures="0" timestamp="2020-10-16T12:28:05 CEST" time="99.014" errors="0">
  <testcase name="TruckTest" time="28.670" classname="TC.ETE_Test_Car_Truck_Moto"/>
  <system-out/>
  <testcase name="CarTest" time="37.380" classname="TC.ETE_Test_Car_Truck_Moto"/>
  <system-out/>
  <testcase name="MotorbikeTest" time="32.964" classname="TC.ETE_Test_Car_Truck_Moto"/>
  <system-out/>
</testsuite> <!-- TC.ETE_Test_Car_Truck_Moto -->
