<?xml version="1.0" encoding="UTF-8"?>
<!-- Generated by org.testng.reporters.JUnitReportReporter -->
<testsuite skipped="0" hostname="SIXNS122" name="TC.CarTest" tests="1" failures="0" timestamp="2020-10-13T12:58:26 CEST" time="19.791" errors="0">
  <testcase name="CarTest" time="19.791" classname="TC.CarTest"/>
  <system-out/>
</testsuite> <!-- TC.CarTest -->
