<?xml version="1.0" encoding="UTF-8"?>
<!-- Generated by org.testng.reporters.JUnitReportReporter -->
<testsuite skipped="0" hostname="SIXNS122" name="TC.ResetFunction" tests="1" failures="0" timestamp="2020-10-16T08:10:00 CEST" time="23.759" errors="0">
  <testcase name="Reset" time="23.759" classname="TC.ResetFunction"/>
  <system-out/>
</testsuite> <!-- TC.ResetFunction -->
