<?xml version="1.0" encoding="UTF-8"?>
<!-- Generated by org.testng.reporters.JUnitReportReporter -->
<testsuite hostname="SIXNS340" failures="0" tests="1" name="TC.proba" time="24.616" errors="0" timestamp="2021-03-02T08:33:25 CET" skipped="0">
  <testcase classname="TC.proba" name="TC1_Proba" time="24.616"/>
  <system-out/>
</testsuite> <!-- TC.proba -->
