<?xml version="1.0" encoding="UTF-8"?>
<!-- Generated by org.testng.reporters.JUnitReportReporter -->
<testsuite hostname="SIXNS340" failures="0" tests="1" name="TC.Adresar_TestSuite" time="26.455" errors="0" timestamp="2021-03-04T18:18:29 CET" skipped="0">
  <testcase classname="TC.Adresar_TestSuite" name="TC_003_Adresar_Add_Conntact_To_AddressBook_Note" time="26.455"/>
  <system-out/>
</testsuite> <!-- TC.Adresar_TestSuite -->
