<?xml version="1.0" encoding="UTF-8"?>
<!-- Generated by org.testng.reporters.JUnitReportReporter -->
<testsuite hostname="SIXNS340" failures="0" tests="1" name="TC.Adresar_TestSuite" time="25.947" errors="0" timestamp="2021-03-02T10:25:35 CET" skipped="0">
  <testcase classname="TC.Adresar_TestSuite" name="TC1_InsertContactToAddressBook" time="25.947"/>
  <system-out/>
</testsuite> <!-- TC.Adresar_TestSuite -->
