<?xml version="1.0" encoding="UTF-8"?>
<!-- Generated by org.testng.reporters.JUnitReportReporter -->
<testsuite hostname="SIXNS340" failures="0" tests="1" name="testCases.Adresar_TestSuite" time="27.168" errors="0" timestamp="2021-03-06T11:14:11 CET" skipped="0">
  <testcase classname="testCases.Adresar_TestSuite" name="TC_003_Adresar_Add_Contact_To_AddressBook_Note" time="27.168"/>
  <system-out/>
</testsuite> <!-- testCases.Adresar_TestSuite -->
