<?xml version="1.0" encoding="UTF-8"?>
<!-- Generated by org.testng.reporters.JUnitReportReporter -->
<testsuite skipped="0" hostname="SIXNS122" name="TC.TcLogIn" tests="2" failures="0" timestamp="2020-11-13T12:19:45 CET" time="46.057" errors="0">
  <testcase name="TC2" time="20.739" classname="TC.TcLogIn"/>
  <system-out/>
  <testcase name="TC1" time="25.318" classname="TC.TcLogIn"/>
  <system-out/>
</testsuite> <!-- TC.TcLogIn -->
